android/app/build/intermediates/manifest_merge_blame_file/release/manifest-merger-blame-release-report.txt
1<?xml version="1.0" encoding="utf-8"?>
2<manifest xmlns:android="http://schemas.android.com/apk/res/android"
3    package="com.edupulse.teacher"
4    android:versionCode="2"
5    android:versionName="2.0.0" >
6
7    <uses-sdk
8        android:minSdkVersion="24"
9        android:targetSdkVersion="34" />
10
11    <uses-permission android:name="android.permission.INTERNET" />
11-->src/main/AndroidManifest.xml:5:5-67
11-->src/main/AndroidManifest.xml:5:22-64
12    <uses-permission android:name="android.permission.ACCESS_NETWORK_STATE" />
12-->src/main/AndroidManifest.xml:6:5-79
12-->src/main/AndroidManifest.xml:6:22-76
13    <uses-permission android:name="android.permission.CAMERA" />
13-->src/main/AndroidManifest.xml:7:5-65
13-->src/main/AndroidManifest.xml:7:22-62
14    <uses-permission android:name="android.permission.VIBRATE" />
14-->src/main/AndroidManifest.xml:8:5-66
14-->src/main/AndroidManifest.xml:8:22-63
15    <uses-permission android:name="android.permission.REQUEST_INSTALL_PACKAGES" />
15-->src/main/AndroidManifest.xml:9:5-10:54
15-->src/main/AndroidManifest.xml:9:22-80
16    <uses-permission
16-->src/main/AndroidManifest.xml:11:5-12:38
17        android:name="android.permission.WRITE_EXTERNAL_STORAGE"
17-->src/main/AndroidManifest.xml:11:22-78
18        android:maxSdkVersion="28" />
18-->src/main/AndroidManifest.xml:12:9-35
19
20    <uses-feature
20-->src/main/AndroidManifest.xml:14:5-84
21        android:name="android.hardware.camera"
21-->src/main/AndroidManifest.xml:14:19-57
22        android:required="true" />
22-->src/main/AndroidManifest.xml:14:58-81
23    <uses-feature
23-->src/main/AndroidManifest.xml:15:5-95
24        android:name="android.hardware.camera.autofocus"
24-->src/main/AndroidManifest.xml:15:19-67
25        android:required="false" />
25-->src/main/AndroidManifest.xml:15:68-92
26    <uses-feature
26-->[com.journeyapps:zxing-android-embedded:4.3.0] AndroidManifest.xml:28:5-30:36
27        android:name="android.hardware.camera.front"
27-->[com.journeyapps:zxing-android-embedded:4.3.0] AndroidManifest.xml:29:9-53
28        android:required="false" />
28-->[com.journeyapps:zxing-android-embedded:4.3.0] AndroidManifest.xml:30:9-33
29    <uses-feature
29-->[com.journeyapps:zxing-android-embedded:4.3.0] AndroidManifest.xml:36:5-38:36
30        android:name="android.hardware.camera.flash"
30-->[com.journeyapps:zxing-android-embedded:4.3.0] AndroidManifest.xml:37:9-53
31        android:required="false" />
31-->[com.journeyapps:zxing-android-embedded:4.3.0] AndroidManifest.xml:38:9-33
32    <uses-feature
32-->[com.journeyapps:zxing-android-embedded:4.3.0] AndroidManifest.xml:39:5-41:36
33        android:name="android.hardware.screen.landscape"
33-->[com.journeyapps:zxing-android-embedded:4.3.0] AndroidManifest.xml:40:9-57
34        android:required="false" />
34-->[com.journeyapps:zxing-android-embedded:4.3.0] AndroidManifest.xml:41:9-33
35    <uses-feature
35-->[com.journeyapps:zxing-android-embedded:4.3.0] AndroidManifest.xml:42:5-44:36
36        android:name="android.hardware.wifi"
36-->[com.journeyapps:zxing-android-embedded:4.3.0] AndroidManifest.xml:43:9-45
37        android:required="false" />
37-->[com.journeyapps:zxing-android-embedded:4.3.0] AndroidManifest.xml:44:9-33
38
39    <permission
39-->[androidx.core:core:1.9.0] AndroidManifest.xml:22:5-24:47
40        android:name="com.edupulse.teacher.DYNAMIC_RECEIVER_NOT_EXPORTED_PERMISSION"
40-->[androidx.core:core:1.9.0] AndroidManifest.xml:23:9-81
41        android:protectionLevel="signature" />
41-->[androidx.core:core:1.9.0] AndroidManifest.xml:24:9-44
42
43    <uses-permission android:name="com.edupulse.teacher.DYNAMIC_RECEIVER_NOT_EXPORTED_PERMISSION" />
43-->[androidx.core:core:1.9.0] AndroidManifest.xml:26:5-97
43-->[androidx.core:core:1.9.0] AndroidManifest.xml:26:22-94
44
45    <application
45-->src/main/AndroidManifest.xml:17:5-46:19
46        android:allowBackup="true"
46-->src/main/AndroidManifest.xml:18:9-35
47        android:appComponentFactory="androidx.core.app.CoreComponentFactory"
47-->[androidx.core:core:1.9.0] AndroidManifest.xml:28:18-86
48        android:extractNativeLibs="false"
49        android:icon="@drawable/logo"
49-->src/main/AndroidManifest.xml:19:9-38
50        android:label="@string/app_name"
50-->src/main/AndroidManifest.xml:20:9-41
51        android:networkSecurityConfig="@xml/network_security_config"
51-->src/main/AndroidManifest.xml:21:9-69
52        android:supportsRtl="true"
52-->src/main/AndroidManifest.xml:22:9-35
53        android:theme="@style/Theme.EduPulse"
53-->src/main/AndroidManifest.xml:23:9-46
54        android:usesCleartextTraffic="true" >
54-->src/main/AndroidManifest.xml:24:9-44
55        <activity
55-->src/main/AndroidManifest.xml:26:9-35:20
56            android:name="com.edupulse.teacher.MainActivity"
56-->src/main/AndroidManifest.xml:27:13-41
57            android:configChanges="orientation|screenSize|screenLayout|keyboardHidden"
57-->src/main/AndroidManifest.xml:29:13-87
58            android:exported="true"
58-->src/main/AndroidManifest.xml:28:13-36
59            android:windowSoftInputMode="adjustResize" >
59-->src/main/AndroidManifest.xml:30:13-55
60            <intent-filter>
60-->src/main/AndroidManifest.xml:31:13-34:29
61                <action android:name="android.intent.action.MAIN" />
61-->src/main/AndroidManifest.xml:32:17-69
61-->src/main/AndroidManifest.xml:32:25-66
62
63                <category android:name="android.intent.category.LAUNCHER" />
63-->src/main/AndroidManifest.xml:33:17-77
63-->src/main/AndroidManifest.xml:33:27-74
64            </intent-filter>
65        </activity>
66
67        <provider
68            android:name="androidx.core.content.FileProvider"
68-->src/main/AndroidManifest.xml:38:13-62
69            android:authorities="com.edupulse.teacher.fileprovider"
69-->src/main/AndroidManifest.xml:39:13-64
70            android:exported="false"
70-->src/main/AndroidManifest.xml:40:13-37
71            android:grantUriPermissions="true" >
71-->src/main/AndroidManifest.xml:41:13-47
72            <meta-data
72-->src/main/AndroidManifest.xml:42:13-44:54
73                android:name="android.support.FILE_PROVIDER_PATHS"
73-->src/main/AndroidManifest.xml:43:17-67
74                android:resource="@xml/file_paths" />
74-->src/main/AndroidManifest.xml:44:17-51
75        </provider>
76
77        <activity
77-->[com.journeyapps:zxing-android-embedded:4.3.0] AndroidManifest.xml:47:9-53:63
78            android:name="com.journeyapps.barcodescanner.CaptureActivity"
78-->[com.journeyapps:zxing-android-embedded:4.3.0] AndroidManifest.xml:48:13-74
79            android:clearTaskOnLaunch="true"
79-->[com.journeyapps:zxing-android-embedded:4.3.0] AndroidManifest.xml:49:13-45
80            android:screenOrientation="sensorLandscape"
80-->[com.journeyapps:zxing-android-embedded:4.3.0] AndroidManifest.xml:50:13-56
81            android:stateNotNeeded="true"
81-->[com.journeyapps:zxing-android-embedded:4.3.0] AndroidManifest.xml:51:13-42
82            android:theme="@style/zxing_CaptureTheme"
82-->[com.journeyapps:zxing-android-embedded:4.3.0] AndroidManifest.xml:52:13-54
83            android:windowSoftInputMode="stateAlwaysHidden" />
83-->[com.journeyapps:zxing-android-embedded:4.3.0] AndroidManifest.xml:53:13-60
84        <activity
84-->[com.google.android.gms:play-services-auth:20.7.0] AndroidManifest.xml:23:9-27:75
85            android:name="com.google.android.gms.auth.api.signin.internal.SignInHubActivity"
85-->[com.google.android.gms:play-services-auth:20.7.0] AndroidManifest.xml:24:13-93
86            android:excludeFromRecents="true"
86-->[com.google.android.gms:play-services-auth:20.7.0] AndroidManifest.xml:25:13-46
87            android:exported="false"
87-->[com.google.android.gms:play-services-auth:20.7.0] AndroidManifest.xml:26:13-37
88            android:theme="@android:style/Theme.Translucent.NoTitleBar" />
88-->[com.google.android.gms:play-services-auth:20.7.0] AndroidManifest.xml:27:13-72
89        <!--
90            Service handling Google Sign-In user revocation. For apps that do not integrate with
91            Google Sign-In, this service will never be started.
92        -->
93        <service
93-->[com.google.android.gms:play-services-auth:20.7.0] AndroidManifest.xml:33:9-37:51
94            android:name="com.google.android.gms.auth.api.signin.RevocationBoundService"
94-->[com.google.android.gms:play-services-auth:20.7.0] AndroidManifest.xml:34:13-89
95            android:exported="true"
95-->[com.google.android.gms:play-services-auth:20.7.0] AndroidManifest.xml:35:13-36
96            android:permission="com.google.android.gms.auth.api.signin.permission.REVOCATION_NOTIFICATION"
96-->[com.google.android.gms:play-services-auth:20.7.0] AndroidManifest.xml:36:13-107
97            android:visibleToInstantApps="true" />
97-->[com.google.android.gms:play-services-auth:20.7.0] AndroidManifest.xml:37:13-48
98
99        <activity
99-->[com.google.android.gms:play-services-base:18.0.1] AndroidManifest.xml:20:9-22:45
100            android:name="com.google.android.gms.common.api.GoogleApiActivity"
100-->[com.google.android.gms:play-services-base:18.0.1] AndroidManifest.xml:20:19-85
101            android:exported="false"
101-->[com.google.android.gms:play-services-base:18.0.1] AndroidManifest.xml:22:19-43
102            android:theme="@android:style/Theme.Translucent.NoTitleBar" />
102-->[com.google.android.gms:play-services-base:18.0.1] AndroidManifest.xml:21:19-78
103
104        <meta-data
104-->[com.google.android.gms:play-services-basement:18.2.0] AndroidManifest.xml:21:9-23:69
105            android:name="com.google.android.gms.version"
105-->[com.google.android.gms:play-services-basement:18.2.0] AndroidManifest.xml:22:13-58
106            android:value="@integer/google_play_services_version" />
106-->[com.google.android.gms:play-services-basement:18.2.0] AndroidManifest.xml:23:13-66
107
108        <provider
108-->[androidx.emoji2:emoji2:1.2.0] AndroidManifest.xml:24:9-32:20
109            android:name="androidx.startup.InitializationProvider"
109-->[androidx.emoji2:emoji2:1.2.0] AndroidManifest.xml:25:13-67
110            android:authorities="com.edupulse.teacher.androidx-startup"
110-->[androidx.emoji2:emoji2:1.2.0] AndroidManifest.xml:26:13-68
111            android:exported="false" >
111-->[androidx.emoji2:emoji2:1.2.0] AndroidManifest.xml:27:13-37
112            <meta-data
112-->[androidx.emoji2:emoji2:1.2.0] AndroidManifest.xml:29:13-31:52
113                android:name="androidx.emoji2.text.EmojiCompatInitializer"
113-->[androidx.emoji2:emoji2:1.2.0] AndroidManifest.xml:30:17-75
114                android:value="androidx.startup" />
114-->[androidx.emoji2:emoji2:1.2.0] AndroidManifest.xml:31:17-49
115            <meta-data
115-->[androidx.lifecycle:lifecycle-process:2.6.1] AndroidManifest.xml:29:13-31:52
116                android:name="androidx.lifecycle.ProcessLifecycleInitializer"
116-->[androidx.lifecycle:lifecycle-process:2.6.1] AndroidManifest.xml:30:17-78
117                android:value="androidx.startup" />
117-->[androidx.lifecycle:lifecycle-process:2.6.1] AndroidManifest.xml:31:17-49
118            <meta-data
118-->[androidx.profileinstaller:profileinstaller:1.3.0] AndroidManifest.xml:29:13-31:52
119                android:name="androidx.profileinstaller.ProfileInstallerInitializer"
119-->[androidx.profileinstaller:profileinstaller:1.3.0] AndroidManifest.xml:30:17-85
120                android:value="androidx.startup" />
120-->[androidx.profileinstaller:profileinstaller:1.3.0] AndroidManifest.xml:31:17-49
121        </provider>
122
123        <receiver
123-->[androidx.profileinstaller:profileinstaller:1.3.0] AndroidManifest.xml:34:9-52:20
124            android:name="androidx.profileinstaller.ProfileInstallReceiver"
124-->[androidx.profileinstaller:profileinstaller:1.3.0] AndroidManifest.xml:35:13-76
125            android:directBootAware="false"
125-->[androidx.profileinstaller:profileinstaller:1.3.0] AndroidManifest.xml:36:13-44
126            android:enabled="true"
126-->[androidx.profileinstaller:profileinstaller:1.3.0] AndroidManifest.xml:37:13-35
127            android:exported="true"
127-->[androidx.profileinstaller:profileinstaller:1.3.0] AndroidManifest.xml:38:13-36
128            android:permission="android.permission.DUMP" >
128-->[androidx.profileinstaller:profileinstaller:1.3.0] AndroidManifest.xml:39:13-57
129            <intent-filter>
129-->[androidx.profileinstaller:profileinstaller:1.3.0] AndroidManifest.xml:40:13-42:29
130                <action android:name="androidx.profileinstaller.action.INSTALL_PROFILE" />
130-->[androidx.profileinstaller:profileinstaller:1.3.0] AndroidManifest.xml:41:17-91
130-->[androidx.profileinstaller:profileinstaller:1.3.0] AndroidManifest.xml:41:25-88
131            </intent-filter>
132            <intent-filter>
132-->[androidx.profileinstaller:profileinstaller:1.3.0] AndroidManifest.xml:43:13-45:29
133                <action android:name="androidx.profileinstaller.action.SKIP_FILE" />
133-->[androidx.profileinstaller:profileinstaller:1.3.0] AndroidManifest.xml:44:17-85
133-->[androidx.profileinstaller:profileinstaller:1.3.0] AndroidManifest.xml:44:25-82
134            </intent-filter>
135            <intent-filter>
135-->[androidx.profileinstaller:profileinstaller:1.3.0] AndroidManifest.xml:46:13-48:29
136                <action android:name="androidx.profileinstaller.action.SAVE_PROFILE" />
136-->[androidx.profileinstaller:profileinstaller:1.3.0] AndroidManifest.xml:47:17-88
136-->[androidx.profileinstaller:profileinstaller:1.3.0] AndroidManifest.xml:47:25-85
137            </intent-filter>
138            <intent-filter>
138-->[androidx.profileinstaller:profileinstaller:1.3.0] AndroidManifest.xml:49:13-51:29
139                <action android:name="androidx.profileinstaller.action.BENCHMARK_OPERATION" />
139-->[androidx.profileinstaller:profileinstaller:1.3.0] AndroidManifest.xml:50:17-95
139-->[androidx.profileinstaller:profileinstaller:1.3.0] AndroidManifest.xml:50:25-92
140            </intent-filter>
141        </receiver>
142    </application>
143
144</manifest>